<?xml version="1.0" encoding="UTF-8"?>
<testng-results skipped="0" failed="1" ignored="0" total="2" passed="1">
  <reporter-output>
  </reporter-output>
  <suite name="Default suite" duration-ms="59098" started-at="2018-03-09T15:14:45Z" finished-at="2018-03-09T15:15:44Z">
    <groups>
    </groups>
    <test name="Default test" duration-ms="59098" started-at="2018-03-09T15:14:45Z" finished-at="2018-03-09T15:15:44Z">
      <class name="testscripts.Tlogin">
        <test-method status="PASS" signature="Leadtest()[pri:0, instance:testscripts.Tlogin@31dc339b]" name="Leadtest" duration-ms="59076" started-at="2018-03-09T15:14:45Z" finished-at="2018-03-09T15:15:44Z">
          <reporter-output>
          </reporter-output>
        </test-method> <!-- Leadtest -->
      </class> <!-- testscripts.Tlogin -->
      <class name="testscripts.TloginTest">
        <test-method status="FAIL" signature="Leadtest()[pri:0, instance:testscripts.TloginTest@71318ec4]" name="Leadtest" duration-ms="1" started-at="2018-03-09T15:15:44Z" finished-at="2018-03-09T15:15:44Z">
          <exception class="java.lang.RuntimeException">
            <message>
              <![CDATA[Test not implemented]]>
            </message>
            <full-stacktrace>
              <![CDATA[java.lang.RuntimeException: Test not implemented
at testscripts.TloginTest.Leadtest(TloginTest.java:10)
at sun.reflect.NativeMethodAccessorImpl.invoke0(Native Method)
at sun.reflect.NativeMethodAccessorImpl.invoke(Unknown Source)
at sun.reflect.DelegatingMethodAccessorImpl.invoke(Unknown Source)
at java.lang.reflect.Method.invoke(Unknown Source)
at org.testng.internal.MethodInvocationHelper.invokeMethod(MethodInvocationHelper.java:124)
at org.testng.internal.Invoker.invokeMethod(Invoker.java:580)
at org.testng.internal.Invoker.invokeTestMethod(Invoker.java:716)
at org.testng.internal.Invoker.invokeTestMethods(Invoker.java:988)
at org.testng.internal.TestMethodWorker.invokeTestMethods(TestMethodWorker.java:125)
at org.testng.internal.TestMethodWorker.run(TestMethodWorker.java:109)
at org.testng.TestRunner.privateRun(TestRunner.java:648)
at org.testng.TestRunner.run(TestRunner.java:505)
at org.testng.SuiteRunner.runTest(SuiteRunner.java:455)
at org.testng.SuiteRunner.runSequentially(SuiteRunner.java:450)
at org.testng.SuiteRunner.privateRun(SuiteRunner.java:415)
at org.testng.SuiteRunner.run(SuiteRunner.java:364)
at org.testng.SuiteRunnerWorker.runSuite(SuiteRunnerWorker.java:52)
at org.testng.SuiteRunnerWorker.run(SuiteRunnerWorker.java:84)
at org.testng.TestNG.runSuitesSequentially(TestNG.java:1208)
at org.testng.TestNG.runSuitesLocally(TestNG.java:1137)
at org.testng.TestNG.runSuites(TestNG.java:1049)
at org.testng.TestNG.run(TestNG.java:1017)
at org.testng.remote.AbstractRemoteTestNG.run(AbstractRemoteTestNG.java:114)
at org.testng.remote.RemoteTestNG.initAndRun(RemoteTestNG.java:251)
at org.testng.remote.RemoteTestNG.main(RemoteTestNG.java:77)
]]>
            </full-stacktrace>
          </exception> <!-- java.lang.RuntimeException -->
          <reporter-output>
          </reporter-output>
        </test-method> <!-- Leadtest -->
      </class> <!-- testscripts.TloginTest -->
    </test> <!-- Default test -->
  </suite> <!-- Default suite -->
</testng-results>
