<?xml version="1.0" encoding="UTF-8"?>
<!-- Generated by org.testng.reporters.JUnitXMLReporter -->
<testsuite hostname="DRN" ignored="0" name="Test" tests="1" failures="1" timestamp="08 Mar 2018 15:09:34 GMT" time="0.45" errors="0">
  <testcase name="Titlelogin" time="0.43" classname="login.Exelogin">
    <failure type="java.lang.NullPointerException">
      <![CDATA[java.lang.NullPointerException
at login.Exelogin.Titlelogin(Exelogin.java:29)
... Removed 25 stack frames]]>
    </failure>
  </testcase> <!-- Titlelogin -->
</testsuite> <!-- Test -->
