<?xml version="1.0" encoding="UTF-8"?>
<testng-results skipped="0" failed="0" ignored="0" total="1" passed="1">
  <reporter-output>
  </reporter-output>
  <suite name="Default suite" duration-ms="29" started-at="2018-03-09T15:27:32Z" finished-at="2018-03-09T15:27:32Z">
    <groups>
    </groups>
    <test name="Default test" duration-ms="29" started-at="2018-03-09T15:27:32Z" finished-at="2018-03-09T15:27:32Z">
      <class name="listeners.NewTest">
        <test-method status="PASS" signature="f()[pri:0, instance:listeners.NewTest@36b4cef0]" name="f" duration-ms="8" started-at="2018-03-09T15:27:32Z" finished-at="2018-03-09T15:27:32Z">
          <reporter-output>
          </reporter-output>
        </test-method> <!-- f -->
      </class> <!-- listeners.NewTest -->
    </test> <!-- Default test -->
  </suite> <!-- Default suite -->
</testng-results>
